# JRE version: OpenJDK Runtime Environment Microsoft-11933218 (21.0.8+9) (build 21.0.8+9-LTS)
# Java VM: OpenJDK 64-Bit Server VM Microsoft-11933218 (21.0.8+9-LTS, mixed mode, sharing, tiered, compressed oops, compressed class ptrs, g1 gc, windows-amd64)
GC Precious Log:
 CardTable entry size: 512
 Card Set container configuration: InlinePtr #cards 5 size 8 Array Of Cards #cards 12 size 40 Howl #buckets 4 coarsen threshold 1843 Howl Bitmap #cards 512 size 80 coarsen threshold 460 Card regions per heap region 1 cards per card region 2048
 CPUs: 4 total, 4 available
 Memory: 8036M
 Large Page Support: Disabled
 NUMA Support: Disabled
 Compressed Oops: Enabled (32-bit)
 Heap Region Size: 1M
 Heap Min Capacity: 8M
 Heap Initial Capacity: 126M
 Heap Max Capacity: 2010M
 Pre-touch: Disabled
 Parallel Workers: 4
 Concurrent Workers: 1
 Concurrent Refinement Workers: 4
 Periodic GC: Disabled
Heap:
 garbage-first heap   total 98304K, used 76927K [0x0000000082600000, 0x0000000100000000)
  region size 1024K, 45 young (46080K), 7 survivors (7168K)
 Metaspace       used 97726K, committed 98560K, reserved 1179648K
  class space    used 12751K, committed 13120K, reserved 1048576K
GC Heap History (20 events):
Event: 4287.078 GC heap before
{Heap before GC invocations=60 (full 0):
 garbage-first heap   total 98304K, used 87537K [0x0000000082600000, 0x0000000100000000)
  region size 1024K, 47 young (48128K), 3 survivors (3072K)
 Metaspace       used 94023K, committed 94656K, reserved 1179648K
  class space    used 12574K, committed 12864K, reserved 1048576K
}
Event: 4287.100 GC heap after
{Heap after GC invocations=61 (full 0):
 garbage-first heap   total 98304K, used 43783K [0x0000000082600000, 0x0000000100000000)
  region size 1024K, 3 young (3072K), 3 survivors (3072K)
 Metaspace       used 94023K, committed 94656K, reserved 1179648K
  class space    used 12574K, committed 12864K, reserved 1048576K
}
Event: 4313.984 GC heap before
{Heap before GC invocations=62 (full 0):
 garbage-first heap   total 98304K, used 87815K [0x0000000082600000, 0x0000000100000000)
  region size 1024K, 47 young (48128K), 3 survivors (3072K)
 Metaspace       used 95107K, committed 95808K, reserved 1179648K
  class space    used 12584K, committed 12928K, reserved 1048576K
}
Event: 4313.991 GC heap after
{Heap after GC invocations=63 (full 0):
 garbage-first heap   total 98304K, used 43845K [0x0000000082600000, 0x0000000100000000)
  region size 1024K, 3 young (3072K), 3 survivors (3072K)
 Metaspace       used 95107K, committed 95808K, reserved 1179648K
  class space    used 12584K, committed 12928K, reserved 1048576K
}
Event: 4423.059 GC heap before
{Heap before GC invocations=63 (full 0):
 garbage-first heap   total 98304K, used 86853K [0x0000000082600000, 0x0000000100000000)
  region size 1024K, 46 young (47104K), 3 survivors (3072K)
 Metaspace       used 95527K, committed 96256K, reserved 1179648K
  class space    used 12595K, committed 12928K, reserved 1048576K
}
Event: 4423.086 GC heap after
{Heap after GC invocations=64 (full 0):
 garbage-first heap   total 98304K, used 42960K [0x0000000082600000, 0x0000000100000000)
  region size 1024K, 3 young (3072K), 3 survivors (3072K)
 Metaspace       used 95527K, committed 96256K, reserved 1179648K
  class space    used 12595K, committed 12928K, reserved 1048576K
}
Event: 4577.479 GC heap before
{Heap before GC invocations=64 (full 0):
 garbage-first heap   total 98304K, used 86992K [0x0000000082600000, 0x0000000100000000)
  region size 1024K, 47 young (48128K), 3 survivors (3072K)
 Metaspace       used 95813K, committed 96576K, reserved 1179648K
  class space    used 12595K, committed 12928K, reserved 1048576K
}
Event: 4577.486 GC heap after
{Heap after GC invocations=65 (full 0):
 garbage-first heap   total 98304K, used 43075K [0x0000000082600000, 0x0000000100000000)
  region size 1024K, 3 young (3072K), 3 survivors (3072K)
 Metaspace       used 95813K, committed 96576K, reserved 1179648K
  class space    used 12595K, committed 12928K, reserved 1048576K
}
Event: 4803.753 GC heap before
{Heap before GC invocations=66 (full 0):
 garbage-first heap   total 98304K, used 88131K [0x0000000082600000, 0x0000000100000000)
  region size 1024K, 47 young (48128K), 3 survivors (3072K)
 Metaspace       used 95845K, committed 96576K, reserved 1179648K
  class space    used 12595K, committed 12928K, reserved 1048576K
}
Event: 4803.812 GC heap after
{Heap after GC invocations=67 (full 0):
 garbage-first heap   total 98304K, used 43095K [0x0000000082600000, 0x0000000100000000)
  region size 1024K, 3 young (3072K), 3 survivors (3072K)
 Metaspace       used 95845K, committed 96576K, reserved 1179648K
  class space    used 12595K, committed 12928K, reserved 1048576K
}
Event: 4967.284 GC heap before
{Heap before GC invocations=67 (full 0):
 garbage-first heap   total 98304K, used 87127K [0x0000000082600000, 0x0000000100000000)
  region size 1024K, 47 young (48128K), 3 survivors (3072K)
 Metaspace       used 96051K, committed 96768K, reserved 1179648K
  class space    used 12595K, committed 12928K, reserved 1048576K
}
Event: 4967.308 GC heap after
{Heap after GC invocations=68 (full 0):
 garbage-first heap   total 98304K, used 42320K [0x0000000082600000, 0x0000000100000000)
  region size 1024K, 3 young (3072K), 3 survivors (3072K)
 Metaspace       used 96051K, committed 96768K, reserved 1179648K
  class space    used 12595K, committed 12928K, reserved 1048576K
}
Event: 5199.011 GC heap before
{Heap before GC invocations=68 (full 0):
 garbage-first heap   total 98304K, used 87376K [0x0000000082600000, 0x0000000100000000)
  region size 1024K, 48 young (49152K), 3 survivors (3072K)
 Metaspace       used 96111K, committed 96896K, reserved 1179648K
  class space    used 12600K, committed 12928K, reserved 1048576K
}
Event: 5199.020 GC heap after
{Heap after GC invocations=69 (full 0):
 garbage-first heap   total 98304K, used 42522K [0x0000000082600000, 0x0000000100000000)
  region size 1024K, 3 young (3072K), 3 survivors (3072K)
 Metaspace       used 96111K, committed 96896K, reserved 1179648K
  class space    used 12600K, committed 12928K, reserved 1048576K
}
Event: 5416.597 GC heap before
{Heap before GC invocations=70 (full 0):
 garbage-first heap   total 98304K, used 87578K [0x0000000082600000, 0x0000000100000000)
  region size 1024K, 48 young (49152K), 3 survivors (3072K)
 Metaspace       used 96159K, committed 96896K, reserved 1179648K
  class space    used 12600K, committed 12928K, reserved 1048576K
}
Event: 5416.652 GC heap after
{Heap after GC invocations=71 (full 0):
 garbage-first heap   total 98304K, used 42656K [0x0000000082600000, 0x0000000100000000)
  region size 1024K, 3 young (3072K), 3 survivors (3072K)
 Metaspace       used 96159K, committed 96896K, reserved 1179648K
  class space    used 12600K, committed 12928K, reserved 1048576K
}
Event: 5440.167 GC heap before
{Heap before GC invocations=71 (full 0):
 garbage-first heap   total 98304K, used 47776K [0x0000000082600000, 0x0000000100000000)
  region size 1024K, 10 young (10240K), 3 survivors (3072K)
 Metaspace       used 96356K, committed 97088K, reserved 1179648K
  class space    used 12634K, committed 12992K, reserved 1048576K
}
Event: 5440.636 GC heap after
{Heap after GC invocations=72 (full 1):
 garbage-first heap   total 98304K, used 31645K [0x0000000082600000, 0x0000000100000000)
  region size 1024K, 0 young (0K), 0 survivors (0K)
 Metaspace       used 96343K, committed 97088K, reserved 1179648K
  class space    used 12630K, committed 12992K, reserved 1048576K
}
Event: 5450.332 GC heap before
{Heap before GC invocations=72 (full 1):
 garbage-first heap   total 98304K, used 90013K [0x0000000082600000, 0x0000000100000000)
  region size 1024K, 57 young (58368K), 0 survivors (0K)
 Metaspace       used 97096K, committed 97920K, reserved 1179648K
  class space    used 12700K, committed 13056K, reserved 1048576K
}
Event: 5450.348 GC heap after
{Heap after GC invocations=73 (full 1):
 garbage-first heap   total 98304K, used 38015K [0x0000000082600000, 0x0000000100000000)
  region size 1024K, 7 young (7168K), 7 survivors (7168K)
 Metaspace       used 97096K, committed 97920K, reserved 1179648K
  class space    used 12700K, committed 13056K, reserved 1048576K
}

